\BOOKMARK [1][-]{section.1}{\376\377\213\276\213\241\211\201\154\102}{}% 1
\BOOKMARK [2][-]{subsection.1.1}{\376\377\155\113\221\317\203\003\126\364}{section.1}% 2
\BOOKMARK [2][-]{subsection.1.2}{\376\377\174\276\136\246\173\111\176\247}{section.1}% 3
\BOOKMARK [2][-]{subsection.1.3}{\376\377\131\026\137\142\134\072\133\370}{section.1}% 4
\BOOKMARK [2][-]{subsection.1.4}{\376\377\150\007\134\072\162\171\140\047}{section.1}% 5
\BOOKMARK [1][-]{section.2}{\376\377\213\276\213\241\145\271\150\110}{}% 6
\BOOKMARK [2][-]{subsection.2.1}{\376\377\137\071\174\047\173\241}{section.2}% 7
\BOOKMARK [2][-]{subsection.2.2}{\376\377\146\362\147\304\156\321\127\127\147\072\147\204}{section.2}% 8
\BOOKMARK [2][-]{subsection.2.3}{\376\377\237\177\217\156\117\040\122\250}{section.2}% 9
\BOOKMARK [2][-]{subsection.2.4}{\376\377\156\070\116\035}{section.2}% 10
\BOOKMARK [2][-]{subsection.2.5}{\376\377\150\007\134\072\143\007\224\210}{section.2}% 11
\BOOKMARK [1][-]{section.3}{\376\377\155\113\221\317\163\257\202\202\166\204\123\302\145\160\220\011\142\351\116\016\213\241\173\227}{}% 12
\BOOKMARK [2][-]{subsection.3.1}{\376\377\137\071\174\047\173\241}{section.3}% 13
\BOOKMARK [2][-]{subsection.3.2}{\376\377\137\071\174\047\173\241\166\204\137\072\136\246\150\041\232\214}{section.3}% 14
\BOOKMARK [2][-]{subsection.3.3}{\376\377\237\177\217\156\117\040\122\250\147\072\147\204}{section.3}% 15
\BOOKMARK [2][-]{subsection.3.4}{\376\377\146\362\147\304\156\321\127\127\147\072\147\204}{section.3}% 16
\BOOKMARK [2][-]{subsection.3.5}{\376\377\237\177\217\156\147\072\147\204\213\276\213\241}{section.3}% 17
\BOOKMARK [2][-]{subsection.3.6}{\376\377\210\150\166\330\166\204\213\276\213\241}{section.3}% 18
\BOOKMARK [2][-]{subsection.3.7}{\376\377\143\007\224\210\166\204\213\276\213\241}{section.3}% 19
\BOOKMARK [2][-]{subsection.3.8}{\376\377\217\164\142\177\166\204\213\276\213\241}{section.3}% 20
\BOOKMARK [2][-]{subsection.3.9}{\376\377\156\070\116\035\166\204\213\276\213\241}{section.3}% 21
\BOOKMARK [1][-]{section.4}{\376\377\116\352\126\150\227\136\176\277\140\047\213\276\213\241\213\357\135\356\213\241\173\227}{}% 22
\BOOKMARK [1][-]{section.5}{\376\377\176\323\213\272}{}% 23
\BOOKMARK [1][-]{section.6}{\376\377\152\041\147\177\213\364\146\016}{}% 24
\BOOKMARK [1][-]{section.7}{\376\377\116\000\116\233\143\322\121\145\122\237\200\375}{}% 25
\BOOKMARK [2][-]{subsection.7.1}{\376\377\143\322\121\145\121\154\137\017}{section.7}% 26
\BOOKMARK [2][-]{subsection.7.2}{\376\377\143\322\121\145\126\376\162\107}{section.7}% 27
\BOOKMARK [2][-]{subsection.7.3}{\376\377\143\322\121\145\145\207\147\054\150\106}{section.7}% 28
\BOOKMARK [2][-]{subsection.7.4}{\376\377\143\322\121\145\210\150\150\074}{section.7}% 29
\BOOKMARK [2][-]{subsection.7.5}{\376\377\143\322\121\145\145\160\133\146\220\073\217\221\163\257\130\203}{section.7}% 30
\BOOKMARK [2][-]{subsection.7.6}{\376\377\143\322\121\145\123\302\200\003\145\207\163\056}{section.7}% 31
\BOOKMARK [1][-]{section.8}{\376\377\121\231\127\050\147\000\124\016}{}% 32
\BOOKMARK [2][-]{subsection.8.1}{\376\377\123\321\136\003\127\060\127\100}{section.8}% 33
